<?xml version="1.0" encoding="UTF-8"?>
<!-- Generated by org.testng.reporters.JUnitReportReporter -->
<<<<<<< HEAD
<testsuite hostname="LAPTOP-7T734GLV" failures="0" tests="1" name="testCases.LinksTC006" time="1.444" errors="0" timestamp="2025-09-17T12:09:16 IST" skipped="0">
  <testcase classname="testCases.LinksTC006" name="links" time="1.444"/>
=======
<testsuite hostname="ANKIT-SYS" failures="0" tests="1" name="testCases.LinksTC006" time="0.893" errors="0" timestamp="2025-09-16T17:27:03 IST" skipped="0">
  <testcase classname="testCases.LinksTC006" name="links" time="0.893"/>
>>>>>>> b806553efd8395a4f3948d849e9b7424e3bd9b15
</testsuite> <!-- testCases.LinksTC006 -->
