<?xml version="1.0" encoding="UTF-8"?>
<!-- Generated by org.testng.reporters.JUnitReportReporter -->
<testsuite hostname="ANKIT-SYS" failures="0" tests="1" name="testCases.WebTableTC004" time="3.778" errors="0" timestamp="2025-09-19T12:29:25 IST" skipped="0">
  <testcase classname="testCases.WebTableTC004" name="webTableMethod" time="3.778"/>
</testsuite> <!-- testCases.WebTableTC004 -->
