<?xml version="1.0" encoding="UTF-8"?>
<!-- Generated by org.testng.reporters.JUnitReportReporter -->
<testsuite hostname="LAPTOP-7T734GLV" failures="0" tests="1" name="testCases.BrokenLinksTC007" time="1.001" errors="0" timestamp="2025-09-17T12:26:46 IST" skipped="0">
  <testcase classname="testCases.BrokenLinksTC007" name="brokenLinksMethod" time="1.001"/>
</testsuite> <!-- testCases.BrokenLinksTC007 -->
