<?xml version="1.0" encoding="UTF-8"?>
<!-- Generated by org.testng.reporters.JUnitReportReporter -->
<testsuite hostname="ANKIT-SYS" failures="0" tests="1" name="testCases.BrokenLinksTC007" time="0.034" errors="0" timestamp="2025-09-16T16:41:03 IST" skipped="0">
  <testcase classname="testCases.BrokenLinksTC007" name="brokenLinksMethod" time="0.034"/>
</testsuite> <!-- testCases.BrokenLinksTC007 -->
