<?xml version="1.0" encoding="UTF-8"?>
<!-- Generated by org.testng.reporters.JUnitReportReporter -->
<testsuite hostname="ANKIT-SYS" failures="0" tests="3" name="testCases.BrowserWindowsTC0010" time="2.505" errors="0" timestamp="2025-09-19T12:29:25 IST" skipped="0">
  <testcase classname="testCases.BrowserWindowsTC0010" name="newTabMethod" time="1.366"/>
  <testcase classname="testCases.BrowserWindowsTC0010" name="newWinMethod" time="0.624"/>
  <testcase classname="testCases.BrowserWindowsTC0010" name="NewWinMsgMethod" time="0.515"/>
</testsuite> <!-- testCases.BrowserWindowsTC0010 -->
