<?xml version="1.0" encoding="UTF-8"?>
<!-- Generated by org.testng.reporters.JUnitReportReporter -->
<testsuite hostname="LAPTOP-7T734GLV" failures="0" tests="1" name="testCases.WebTableTC004" time="0.836" errors="0" timestamp="2025-09-13T09:23:35 IST" skipped="0">
  <testcase classname="testCases.WebTableTC004" name="webTableMethod" time="0.836"/>
</testsuite> <!-- testCases.WebTableTC004 -->
