<?xml version="1.0" encoding="UTF-8"?>
<!-- Generated by org.testng.reporters.JUnitReportReporter -->
<testsuite hostname="ANKIT-SYS" failures="0" tests="1" name="testCases.ButtonTC005" time="1.349" errors="0" timestamp="2025-09-16T15:49:12 IST" skipped="0">
  <testcase classname="testCases.ButtonTC005" name="buttonsClick" time="1.349"/>
</testsuite> <!-- testCases.ButtonTC005 -->
