<?xml version="1.0" encoding="UTF-8"?>
<!-- Generated by org.testng.reporters.JUnitReportReporter -->
<testsuite hostname="ANKIT-SYS" failures="0" tests="2" name="testCases.RadioBtnTC003" time="2.906" errors="0" timestamp="2025-09-16T16:41:03 IST" skipped="0">
  <testcase classname="testCases.RadioBtnTC003" name="aradioBtnMethod" time="0.736"/>
  <testcase classname="testCases.RadioBtnTC003" name="impressiveMethod" time="2.170"/>
</testsuite> <!-- testCases.RadioBtnTC003 -->
