<?xml version="1.0" encoding="UTF-8"?>
<!-- Generated by org.testng.reporters.JUnitReportReporter -->
<testsuite hostname="ANKIT-SYS" failures="0" tests="1" name="testCases.LinksTC006" time="0.893" errors="0" timestamp="2025-09-16T17:27:03 IST" skipped="0">
  <testcase classname="testCases.LinksTC006" name="links" time="0.893"/>
</testsuite> <!-- testCases.LinksTC006 -->
