<?xml version="1.0" encoding="UTF-8"?>
<!-- Generated by org.testng.reporters.JUnitReportReporter -->
<testsuite hostname="LAPTOP-7T734GLV" failures="0" tests="1" name="testCases.WidgetsTC0011" time="1.587" errors="0" timestamp="2025-10-06T16:14:09 IST" skipped="0">
  <testcase classname="testCases.WidgetsTC0011" name="widgetsMethod" time="1.587"/>
</testsuite> <!-- testCases.WidgetsTC0011 -->
