<?xml version="1.0" encoding="UTF-8"?>
<!-- Generated by org.testng.reporters.JUnitReportReporter -->
<testsuite hostname="ANKIT-SYS" failures="0" tests="1" name="testCases.BrokenLinksTC007" time="1.526" errors="0" timestamp="2025-09-19T12:29:25 IST" skipped="0">
  <testcase classname="testCases.BrokenLinksTC007" name="brokenLinksMethod" time="1.526"/>
</testsuite> <!-- testCases.BrokenLinksTC007 -->
