<?xml version="1.0" encoding="UTF-8"?>
<!-- Generated by org.testng.reporters.JUnitReportReporter -->
<<<<<<< HEAD
<testsuite hostname="LAPTOP-7T734GLV" failures="0" tests="2" name="testCases.RadioBtnTC003" time="2.707" errors="0" timestamp="2025-09-17T12:09:16 IST" skipped="0">
  <testcase classname="testCases.RadioBtnTC003" name="aradioBtnMethod" time="0.549"/>
  <testcase classname="testCases.RadioBtnTC003" name="impressiveMethod" time="2.158"/>
=======
<testsuite hostname="ANKIT-SYS" failures="0" tests="2" name="testCases.RadioBtnTC003" time="3.501" errors="0" timestamp="2025-09-16T17:20:42 IST" skipped="0">
  <testcase classname="testCases.RadioBtnTC003" name="aradioBtnMethod" time="1.312"/>
  <testcase classname="testCases.RadioBtnTC003" name="impressiveMethod" time="2.189"/>
>>>>>>> b806553efd8395a4f3948d849e9b7424e3bd9b15
</testsuite> <!-- testCases.RadioBtnTC003 -->
