<?xml version="1.0" encoding="UTF-8"?>
<!-- Generated by org.testng.reporters.JUnitReportReporter -->
<testsuite hostname="LAPTOP-7T734GLV" failures="0" tests="1" name="testCases.WebTableTC004" time="1.274" errors="0" timestamp="2025-09-15T15:12:10 IST" skipped="0">
  <testcase classname="testCases.WebTableTC004" name="webTableMethod" time="1.274"/>
</testsuite> <!-- testCases.WebTableTC004 -->
