<?xml version="1.0" encoding="UTF-8"?>
<!-- Generated by org.testng.reporters.JUnitReportReporter -->
<testsuite hostname="LAPTOP-7T734GLV" failures="0" tests="2" name="testCases.RadioBtnTC003" time="3.612" errors="0" timestamp="2025-09-15T16:14:51 IST" skipped="0">
  <testcase classname="testCases.RadioBtnTC003" name="aradioBtnMethod" time="1.475"/>
  <testcase classname="testCases.RadioBtnTC003" name="impressiveMethod" time="2.137"/>
</testsuite> <!-- testCases.RadioBtnTC003 -->
