<?xml version="1.0" encoding="UTF-8"?>
<!-- Generated by org.testng.reporters.JUnitReportReporter -->
<testsuite hostname="ANKIT-SYS" failures="0" tests="1" name="testCases.WebTableTC004" time="4.201" errors="0" timestamp="2025-09-18T14:19:18 IST" skipped="0">
  <testcase classname="testCases.WebTableTC004" name="webTableMethod" time="4.201"/>
</testsuite> <!-- testCases.WebTableTC004 -->
