<?xml version="1.0" encoding="UTF-8"?>
<!-- Generated by org.testng.reporters.JUnitReportReporter -->
<testsuite hostname="LAPTOP-7T734GLV" failures="0" tests="1" name="testCases.LinksTC006" time="0.977" errors="0" timestamp="2025-09-19T12:15:24 IST" skipped="0">
  <testcase classname="testCases.LinksTC006" name="links" time="0.977"/>
</testsuite> <!-- testCases.LinksTC006 -->
