<?xml version="1.0" encoding="UTF-8"?>
<!-- Generated by org.testng.reporters.JUnitReportReporter -->
<<<<<<< HEAD
<testsuite hostname="LAPTOP-7T734GLV" failures="0" tests="1" name="testCases.WebTableTC004" time="3.837" errors="0" timestamp="2025-09-17T12:09:16 IST" skipped="0">
  <testcase classname="testCases.WebTableTC004" name="webTableMethod" time="3.837"/>
=======
<testsuite hostname="ANKIT-SYS" failures="0" tests="1" name="testCases.WebTableTC004" time="3.718" errors="0" timestamp="2025-09-16T17:20:42 IST" skipped="0">
  <testcase classname="testCases.WebTableTC004" name="webTableMethod" time="3.718"/>
>>>>>>> b806553efd8395a4f3948d849e9b7424e3bd9b15
</testsuite> <!-- testCases.WebTableTC004 -->
