<?xml version="1.0" encoding="UTF-8"?>
<!-- Generated by org.testng.reporters.JUnitReportReporter -->
<testsuite hostname="ANKIT-SYS" failures="0" tests="2" name="testCases.RadioBtnTC003" time="2.983" errors="0" timestamp="2025-09-19T12:29:25 IST" skipped="0">
  <testcase classname="testCases.RadioBtnTC003" name="aradioBtnMethod" time="0.734"/>
  <testcase classname="testCases.RadioBtnTC003" name="impressiveMethod" time="2.249"/>
</testsuite> <!-- testCases.RadioBtnTC003 -->
