<?xml version="1.0" encoding="UTF-8"?>
<!-- Generated by org.testng.reporters.JUnitReportReporter -->
<testsuite hostname="ANKIT-SYS" failures="0" tests="1" name="testCases.WebTableTC004" time="3.414" errors="0" timestamp="2025-09-16T16:09:41 IST" skipped="0">
  <testcase classname="testCases.WebTableTC004" name="webTableMethod" time="3.414"/>
</testsuite> <!-- testCases.WebTableTC004 -->
