<?xml version="1.0" encoding="UTF-8"?>
<!-- Generated by org.testng.reporters.JUnitReportReporter -->
<testsuite hostname="ANKIT-SYS" failures="0" tests="2" name="testCases.RadioBtnTC003" time="2.867" errors="0" timestamp="2025-09-18T14:19:18 IST" skipped="0">
  <testcase classname="testCases.RadioBtnTC003" name="aradioBtnMethod" time="0.700"/>
  <testcase classname="testCases.RadioBtnTC003" name="impressiveMethod" time="2.167"/>
</testsuite> <!-- testCases.RadioBtnTC003 -->
