<?xml version="1.0" encoding="UTF-8"?>
<!-- Generated by org.testng.reporters.JUnitReportReporter -->
<testsuite hostname="LAPTOP-7T734GLV" failures="0" tests="1" name="testCases.DynamicPropertiesTC008" time="5.971" errors="0" timestamp="2025-10-06T16:14:09 IST" skipped="0">
  <testcase classname="testCases.DynamicPropertiesTC008" name="dynamicPropertiesMethod" time="5.971"/>
</testsuite> <!-- testCases.DynamicPropertiesTC008 -->
