<?xml version="1.0" encoding="UTF-8"?>
<!-- Generated by org.testng.reporters.JUnitReportReporter -->
<testsuite hostname="LAPTOP-7T734GLV" failures="0" tests="1" name="testCases.WebTableTC004" time="3.218" errors="0" timestamp="2025-10-06T16:14:09 IST" skipped="0">
  <testcase classname="testCases.WebTableTC004" name="webTableMethod" time="3.218"/>
</testsuite> <!-- testCases.WebTableTC004 -->
