<?xml version="1.0" encoding="UTF-8"?>
<!-- Generated by org.testng.reporters.JUnitReportReporter -->
<testsuite hostname="LAPTOP-7T734GLV" failures="0" tests="1" name="testCases.TextBoxTC001" time="0.856" errors="0" timestamp="2025-09-10T13:23:40 IST" skipped="0">
  <testcase classname="testCases.TextBoxTC001" name="textBoxMethod" time="0.856"/>
</testsuite> <!-- testCases.TextBoxTC001 -->
