<?xml version="1.0" encoding="UTF-8"?>
<!-- Generated by org.testng.reporters.JUnitReportReporter -->
<testsuite hostname="ANKIT-SYS" failures="0" tests="3" name="testCases.BrowserWindowsTC0010" time="2.311" errors="0" timestamp="2025-09-18T14:19:18 IST" skipped="0">
  <testcase classname="testCases.BrowserWindowsTC0010" name="newTabMethod" time="1.190"/>
  <testcase classname="testCases.BrowserWindowsTC0010" name="newWinMethod" time="0.596"/>
  <testcase classname="testCases.BrowserWindowsTC0010" name="NewWinMsgMethod" time="0.525"/>
</testsuite> <!-- testCases.BrowserWindowsTC0010 -->
