<?xml version="1.0" encoding="UTF-8"?>
<!-- Generated by org.testng.reporters.JUnitReportReporter -->
<testsuite hostname="LAPTOP-7T734GLV" failures="0" tests="1" name="testCases.TabsTC0017" time="0.706" errors="0" timestamp="2025-10-06T16:14:09 IST" skipped="0">
  <testcase classname="testCases.TabsTC0017" name="tabsMethod" time="0.706"/>
</testsuite> <!-- testCases.TabsTC0017 -->
