<?xml version="1.0" encoding="UTF-8"?>
<!-- Generated by org.testng.reporters.JUnitReportReporter -->
<testsuite hostname="LAPTOP-7T734GLV" failures="0" tests="2" name="testCases.RadioBtnTC003" time="2.836" errors="0" timestamp="2025-10-06T16:14:09 IST" skipped="0">
  <testcase classname="testCases.RadioBtnTC003" name="aradioBtnMethod" time="0.687"/>
  <testcase classname="testCases.RadioBtnTC003" name="impressiveMethod" time="2.149"/>
</testsuite> <!-- testCases.RadioBtnTC003 -->
