<?xml version="1.0" encoding="UTF-8"?>
<!-- Generated by org.testng.reporters.JUnitReportReporter -->
<testsuite hostname="LAPTOP-7T734GLV" failures="0" tests="1" name="testCases.AutoCompleteTC0012" time="2.619" errors="0" timestamp="2025-09-23T11:53:27 IST" skipped="0">
  <testcase classname="testCases.AutoCompleteTC0012" name="autoCompleteMethod" time="2.619"/>
</testsuite> <!-- testCases.AutoCompleteTC0012 -->
