<?xml version="1.0" encoding="UTF-8"?>
<!-- Generated by org.testng.reporters.JUnitReportReporter -->
<testsuite hostname="LAPTOP-7T734GLV" failures="0" tests="1" name="testCases.LinksTC006" time="1.444" errors="0" timestamp="2025-09-17T12:09:16 IST" skipped="0">
  <testcase classname="testCases.LinksTC006" name="links" time="1.444"/>
</testsuite> <!-- testCases.LinksTC006 -->
