<?xml version="1.0" encoding="UTF-8"?>
<!-- Generated by org.testng.reporters.JUnitReportReporter -->
<testsuite hostname="LAPTOP-7T734GLV" failures="0" tests="2" name="testCases.RadioBtnTC003" time="2.707" errors="0" timestamp="2025-09-17T12:09:16 IST" skipped="0">
  <testcase classname="testCases.RadioBtnTC003" name="aradioBtnMethod" time="0.549"/>
  <testcase classname="testCases.RadioBtnTC003" name="impressiveMethod" time="2.158"/>
</testsuite> <!-- testCases.RadioBtnTC003 -->
