<?xml version="1.0" encoding="UTF-8"?>
<!-- Generated by org.testng.reporters.JUnitReportReporter -->
<testsuite hostname="ANKIT-SYS" failures="0" tests="1" name="testCases.LinksTC006" time="1.113" errors="0" timestamp="2025-09-19T12:29:25 IST" skipped="0">
  <testcase classname="testCases.LinksTC006" name="links" time="1.113"/>
</testsuite> <!-- testCases.LinksTC006 -->
