<?xml version="1.0" encoding="UTF-8"?>
<!-- Generated by org.testng.reporters.JUnitReportReporter -->
<testsuite hostname="ANKIT-SYS" failures="0" tests="2" name="testCases.RadioBtnTC003" time="3.501" errors="0" timestamp="2025-09-16T17:20:42 IST" skipped="0">
  <testcase classname="testCases.RadioBtnTC003" name="aradioBtnMethod" time="1.312"/>
  <testcase classname="testCases.RadioBtnTC003" name="impressiveMethod" time="2.189"/>
</testsuite> <!-- testCases.RadioBtnTC003 -->
