<?xml version="1.0" encoding="UTF-8"?>
<!-- Generated by org.testng.reporters.JUnitReportReporter -->
<testsuite hostname="LAPTOP-7T734GLV" failures="0" tests="1" name="testCases.DynamicPropertiesTC008" time="5.908" errors="0" timestamp="2025-09-17T16:11:54 IST" skipped="0">
  <testcase classname="testCases.DynamicPropertiesTC008" name="dynamicPropertiesMethod" time="5.908"/>
</testsuite> <!-- testCases.DynamicPropertiesTC008 -->
