<?xml version="1.0" encoding="UTF-8"?>
<!-- Generated by org.testng.reporters.JUnitReportReporter -->
<testsuite hostname="ANKIT-SYS" failures="0" tests="1" name="testCases.CheckBoxTC002" time="0.929" errors="0" timestamp="2025-09-19T12:29:25 IST" skipped="0">
  <testcase classname="testCases.CheckBoxTC002" name="checkBoxMethod" time="0.929"/>
</testsuite> <!-- testCases.CheckBoxTC002 -->
