<?xml version="1.0" encoding="UTF-8"?>
<!-- Generated by org.testng.reporters.JUnitReportReporter -->
<testsuite hostname="LAPTOP-7T734GLV" failures="0" tests="1" name="testCases.WebTableTC004" time="3.837" errors="0" timestamp="2025-09-17T12:09:16 IST" skipped="0">
  <testcase classname="testCases.WebTableTC004" name="webTableMethod" time="3.837"/>
</testsuite> <!-- testCases.WebTableTC004 -->
