<?xml version="1.0" encoding="UTF-8"?>
<!-- Generated by org.testng.reporters.JUnitReportReporter -->
<<<<<<< HEAD
<testsuite hostname="LAPTOP-7T734GLV" failures="0" tests="1" name="testCases.BrokenLinksTC007" time="1.001" errors="0" timestamp="2025-09-17T12:26:46 IST" skipped="0">
  <testcase classname="testCases.BrokenLinksTC007" name="brokenLinksMethod" time="1.001"/>
=======
<testsuite hostname="ANKIT-SYS" failures="0" tests="1" name="testCases.BrokenLinksTC007" time="0.025" errors="0" timestamp="2025-09-16T17:27:18 IST" skipped="0">
  <testcase classname="testCases.BrokenLinksTC007" name="brokenLinksMethod" time="0.025"/>
>>>>>>> b806553efd8395a4f3948d849e9b7424e3bd9b15
</testsuite> <!-- testCases.BrokenLinksTC007 -->
