<?xml version="1.0" encoding="UTF-8"?>
<!-- Generated by org.testng.reporters.JUnitReportReporter -->
<testsuite hostname="LAPTOP-7T734GLV" failures="0" tests="1" name="testCases.CheckBoxTC002" time="1.047" errors="0" timestamp="2025-09-10T12:47:07 IST" skipped="0">
  <testcase classname="testCases.CheckBoxTC002" name="checkBoxMethod" time="1.047"/>
</testsuite> <!-- testCases.CheckBoxTC002 -->
