<?xml version="1.0" encoding="UTF-8"?>
<!-- Generated by org.testng.reporters.JUnitReportReporter -->
<testsuite hostname="ANKIT-SYS" failures="0" tests="1" name="testCases.TextBoxTC001" time="0.926" errors="0" timestamp="2025-09-18T14:19:18 IST" skipped="0">
  <testcase classname="testCases.TextBoxTC001" name="textBoxMethod" time="0.926"/>
</testsuite> <!-- testCases.TextBoxTC001 -->
