<?xml version="1.0" encoding="UTF-8"?>
<!-- Generated by org.testng.reporters.JUnitReportReporter -->
<testsuite hostname="LAPTOP-7T734GLV" failures="0" tests="1" name="testCases.HorizontalScrollTC0022" time="0.717" errors="0" timestamp="2025-10-06T16:14:09 IST" skipped="0">
  <testcase classname="testCases.HorizontalScrollTC0022" name="horizntalScollMethod" time="0.717"/>
</testsuite> <!-- testCases.HorizontalScrollTC0022 -->
