<?xml version="1.0" encoding="UTF-8"?>
<!-- Generated by org.testng.reporters.JUnitReportReporter -->
<<<<<<< HEAD
<testsuite hostname="LAPTOP-7T734GLV" failures="0" tests="1" name="testCases.ButtonTC005" time="1.233" errors="0" timestamp="2025-09-17T12:09:16 IST" skipped="0">
  <testcase classname="testCases.ButtonTC005" name="buttonsClick" time="1.233"/>
=======
<testsuite hostname="ANKIT-SYS" failures="0" tests="1" name="testCases.ButtonTC005" time="1.357" errors="0" timestamp="2025-09-16T17:20:42 IST" skipped="0">
  <testcase classname="testCases.ButtonTC005" name="buttonsClick" time="1.357"/>
>>>>>>> b806553efd8395a4f3948d849e9b7424e3bd9b15
</testsuite> <!-- testCases.ButtonTC005 -->
