<?xml version="1.0" encoding="UTF-8"?>
<!-- Generated by org.testng.reporters.JUnitReportReporter -->
<testsuite hostname="ANKIT-SYS" failures="0" tests="1" name="testCases.WebTableTC004" time="1.184" errors="0" timestamp="2025-09-15T14:31:53 IST" skipped="0">
  <testcase classname="testCases.WebTableTC004" name="webTableMethod" time="1.184"/>
</testsuite> <!-- testCases.WebTableTC004 -->
