<?xml version="1.0" encoding="UTF-8"?>
<!-- Generated by org.testng.reporters.JUnitReportReporter -->
<testsuite hostname="ANKIT-SYS" failures="0" tests="1" name="testCases.ButtonTC005" time="1.305" errors="0" timestamp="2025-09-18T14:19:18 IST" skipped="0">
  <testcase classname="testCases.ButtonTC005" name="buttonsClick" time="1.305"/>
</testsuite> <!-- testCases.ButtonTC005 -->
